<?xml version="1.0" encoding="UTF-8"?>
<!-- Generated by org.testng.reporters.JUnitReportReporter -->
<testsuite hostname="LAPTOP-SEER9G24" failures="0" tests="3" name="seleniumKT.UserRegistor" time="19.476" errors="0" timestamp="2024-09-02T16:36:27 IST" skipped="0">
  <testcase classname="seleniumKT.UserRegistor" name="HandleMouseOverEvents" time="6.225"/>
  <testcase classname="seleniumKT.UserRegistor" name="HandleMouseOverEvents" time="6.563"/>
  <testcase classname="seleniumKT.UserRegistor" name="HandleMouseOverEvents" time="6.688"/>
</testsuite> <!-- seleniumKT.UserRegistor -->
